2025-05-30 06:42:15.035: [INFO][Sync] Reset engine, reason: 8
2025-05-30 06:42:15.035: [INFO][Sync] Stopped: Bookmarks
2025-05-30 06:42:15.035: [INFO][Sync] Stopped: Preferences
2025-05-30 06:42:15.035: [INFO][Sync] Stopped: Passwords
2025-05-30 06:42:15.035: [INFO][Sync] Stopped: Autofill Profiles
2025-05-30 06:42:15.035: [INFO][Sync] Stopped: Autofill
2025-05-30 06:42:15.035: [INFO][Sync] Stopped: Extensions
2025-05-30 06:42:15.035: [INFO][Sync] Stopped: Sessions
2025-05-30 06:42:15.035: [INFO][Sync] Stopped: Extension settings
2025-05-30 06:42:15.035: [INFO][Sync] Stopped: History Delete Directives
2025-05-30 06:42:15.035: [INFO][Sync] Stopped: Device Info
2025-05-30 06:42:15.035: [INFO][Sync] Stopped: User Consents
2025-05-30 06:42:15.035: [INFO][Sync] Stopped: Send Tab To Self
2025-05-30 06:42:15.035: [INFO][Sync] Stopped: Web Apps
2025-05-30 06:42:15.035: [INFO][Sync] Stopped: History
2025-05-30 06:42:15.035: [INFO][Sync] Stopped: Saved Tab Group
2025-05-30 06:42:15.035: [INFO][Sync] Stopped: Collection
2025-05-30 06:42:15.035: [INFO][Sync] Stopped: Edge E Drop
2025-05-30 06:42:15.035: [INFO][Sync] Stopped: Edge Hub App Usage
2025-05-30 06:42:15.035: [INFO][Sync] Stopped: Edge Tab Group
2025-05-30 06:42:15.035: [INFO][Sync] Stopped: Edge Wallet
2025-05-30 06:42:15.035: [INFO][Sync] SyncState after authenticated was: NotSignedIn
2025-05-30 06:42:15.297: [INFO][Sync] Reset engine, reason: 8
2025-05-30 06:42:15.297: [INFO][Sync] Stopped: Bookmarks
2025-05-30 06:42:15.297: [INFO][Sync] Stopped: Preferences
2025-05-30 06:42:15.297: [INFO][Sync] Stopped: Passwords
2025-05-30 06:42:15.297: [INFO][Sync] Stopped: Autofill Profiles
2025-05-30 06:42:15.297: [INFO][Sync] Stopped: Autofill
2025-05-30 06:42:15.297: [INFO][Sync] Stopped: Extensions
2025-05-30 06:42:15.297: [INFO][Sync] Stopped: Sessions
2025-05-30 06:42:15.297: [INFO][Sync] Stopped: Extension settings
2025-05-30 06:42:15.297: [INFO][Sync] Stopped: History Delete Directives
2025-05-30 06:42:15.297: [INFO][Sync] Stopped: Device Info
2025-05-30 06:42:15.297: [INFO][Sync] Stopped: User Consents
2025-05-30 06:42:15.297: [INFO][Sync] Stopped: Send Tab To Self
2025-05-30 06:42:15.297: [INFO][Sync] Stopped: Web Apps
2025-05-30 06:42:15.297: [INFO][Sync] Stopped: History
2025-05-30 06:42:15.297: [INFO][Sync] Stopped: Saved Tab Group
2025-05-30 06:42:15.297: [INFO][Sync] Stopped: Collection
2025-05-30 06:42:15.297: [INFO][Sync] Stopped: Edge E Drop
2025-05-30 06:42:15.297: [INFO][Sync] Stopped: Edge Hub App Usage
2025-05-30 06:42:15.297: [INFO][Sync] Stopped: Edge Tab Group
2025-05-30 06:42:15.297: [INFO][Sync] Stopped: Edge Wallet
2025-05-30 06:43:12.195: [INFO][Sync] Reset engine, reason: 0
2025-05-30 07:13:58.526: [INFO][Sync] Reset engine, reason: 8
2025-05-30 07:13:58.526: [INFO][Sync] Stopped: Bookmarks
2025-05-30 07:13:58.526: [INFO][Sync] Stopped: Preferences
2025-05-30 07:13:58.526: [INFO][Sync] Stopped: Passwords
2025-05-30 07:13:58.526: [INFO][Sync] Stopped: Autofill Profiles
2025-05-30 07:13:58.526: [INFO][Sync] Stopped: Autofill
2025-05-30 07:13:58.526: [INFO][Sync] Stopped: Extensions
2025-05-30 07:13:58.526: [INFO][Sync] Stopped: Sessions
2025-05-30 07:13:58.526: [INFO][Sync] Stopped: Extension settings
2025-05-30 07:13:58.526: [INFO][Sync] Stopped: History Delete Directives
2025-05-30 07:13:58.526: [INFO][Sync] Stopped: Device Info
2025-05-30 07:13:58.526: [INFO][Sync] Stopped: User Consents
2025-05-30 07:13:58.526: [INFO][Sync] Stopped: Send Tab To Self
2025-05-30 07:13:58.526: [INFO][Sync] Stopped: Web Apps
2025-05-30 07:13:58.526: [INFO][Sync] Stopped: History
2025-05-30 07:13:58.526: [INFO][Sync] Stopped: Saved Tab Group
2025-05-30 07:13:58.526: [INFO][Sync] Stopped: Collection
2025-05-30 07:13:58.526: [INFO][Sync] Stopped: Edge E Drop
2025-05-30 07:13:58.526: [INFO][Sync] Stopped: Edge Hub App Usage
2025-05-30 07:13:58.526: [INFO][Sync] Stopped: Edge Tab Group
2025-05-30 07:13:58.526: [INFO][Sync] Stopped: Edge Wallet
2025-05-30 07:13:58.526: [INFO][Sync] SyncState after authenticated was: NotSignedIn
2025-05-30 07:13:58.713: [INFO][Sync] Reset engine, reason: 8
2025-05-30 07:13:58.713: [INFO][Sync] Stopped: Bookmarks
2025-05-30 07:13:58.713: [INFO][Sync] Stopped: Preferences
2025-05-30 07:13:58.713: [INFO][Sync] Stopped: Passwords
2025-05-30 07:13:58.713: [INFO][Sync] Stopped: Autofill Profiles
2025-05-30 07:13:58.713: [INFO][Sync] Stopped: Autofill
2025-05-30 07:13:58.713: [INFO][Sync] Stopped: Extensions
2025-05-30 07:13:58.713: [INFO][Sync] Stopped: Sessions
2025-05-30 07:13:58.713: [INFO][Sync] Stopped: Extension settings
2025-05-30 07:13:58.713: [INFO][Sync] Stopped: History Delete Directives
2025-05-30 07:13:58.713: [INFO][Sync] Stopped: Device Info
2025-05-30 07:13:58.713: [INFO][Sync] Stopped: User Consents
2025-05-30 07:13:58.713: [INFO][Sync] Stopped: Send Tab To Self
2025-05-30 07:13:58.713: [INFO][Sync] Stopped: Web Apps
2025-05-30 07:13:58.713: [INFO][Sync] Stopped: History
2025-05-30 07:13:58.713: [INFO][Sync] Stopped: Saved Tab Group
2025-05-30 07:13:58.713: [INFO][Sync] Stopped: Collection
2025-05-30 07:13:58.713: [INFO][Sync] Stopped: Edge E Drop
2025-05-30 07:13:58.713: [INFO][Sync] Stopped: Edge Hub App Usage
2025-05-30 07:13:58.713: [INFO][Sync] Stopped: Edge Tab Group
2025-05-30 07:13:58.713: [INFO][Sync] Stopped: Edge Wallet
2025-05-30 07:53:47.935: [INFO][Sync] Reset engine, reason: 0
2025-06-02 06:57:24.383: [INFO][Sync] Reset engine, reason: 8
2025-06-02 06:57:24.384: [INFO][Sync] Stopped: Bookmarks
2025-06-02 06:57:24.384: [INFO][Sync] Stopped: Preferences
2025-06-02 06:57:24.384: [INFO][Sync] Stopped: Passwords
2025-06-02 06:57:24.384: [INFO][Sync] Stopped: Autofill Profiles
2025-06-02 06:57:24.384: [INFO][Sync] Stopped: Autofill
2025-06-02 06:57:24.384: [INFO][Sync] Stopped: Extensions
2025-06-02 06:57:24.384: [INFO][Sync] Stopped: Sessions
2025-06-02 06:57:24.384: [INFO][Sync] Stopped: Extension settings
2025-06-02 06:57:24.384: [INFO][Sync] Stopped: History Delete Directives
2025-06-02 06:57:24.384: [INFO][Sync] Stopped: Device Info
2025-06-02 06:57:24.384: [INFO][Sync] Stopped: User Consents
2025-06-02 06:57:24.384: [INFO][Sync] Stopped: Send Tab To Self
2025-06-02 06:57:24.384: [INFO][Sync] Stopped: Web Apps
2025-06-02 06:57:24.384: [INFO][Sync] Stopped: History
2025-06-02 06:57:24.384: [INFO][Sync] Stopped: Saved Tab Group
2025-06-02 06:57:24.384: [INFO][Sync] Stopped: Collection
2025-06-02 06:57:24.384: [INFO][Sync] Stopped: Edge E Drop
2025-06-02 06:57:24.384: [INFO][Sync] Stopped: Edge Hub App Usage
2025-06-02 06:57:24.384: [INFO][Sync] Stopped: Edge Tab Group
2025-06-02 06:57:24.384: [INFO][Sync] Stopped: Edge Wallet
2025-06-02 06:57:24.384: [INFO][Sync] SyncState after authenticated was: NotSignedIn
2025-06-02 06:57:24.748: [INFO][Sync] Reset engine, reason: 8
2025-06-02 06:57:24.748: [INFO][Sync] Stopped: Bookmarks
2025-06-02 06:57:24.748: [INFO][Sync] Stopped: Preferences
2025-06-02 06:57:24.748: [INFO][Sync] Stopped: Passwords
2025-06-02 06:57:24.748: [INFO][Sync] Stopped: Autofill Profiles
2025-06-02 06:57:24.748: [INFO][Sync] Stopped: Autofill
2025-06-02 06:57:24.748: [INFO][Sync] Stopped: Extensions
2025-06-02 06:57:24.748: [INFO][Sync] Stopped: Sessions
2025-06-02 06:57:24.748: [INFO][Sync] Stopped: Extension settings
2025-06-02 06:57:24.748: [INFO][Sync] Stopped: History Delete Directives
2025-06-02 06:57:24.748: [INFO][Sync] Stopped: Device Info
2025-06-02 06:57:24.748: [INFO][Sync] Stopped: User Consents
2025-06-02 06:57:24.748: [INFO][Sync] Stopped: Send Tab To Self
2025-06-02 06:57:24.748: [INFO][Sync] Stopped: Web Apps
2025-06-02 06:57:24.748: [INFO][Sync] Stopped: History
2025-06-02 06:57:24.748: [INFO][Sync] Stopped: Saved Tab Group
2025-06-02 06:57:24.748: [INFO][Sync] Stopped: Collection
2025-06-02 06:57:24.748: [INFO][Sync] Stopped: Edge E Drop
2025-06-02 06:57:24.748: [INFO][Sync] Stopped: Edge Hub App Usage
2025-06-02 06:57:24.748: [INFO][Sync] Stopped: Edge Tab Group
2025-06-02 06:57:24.748: [INFO][Sync] Stopped: Edge Wallet
2025-06-02 07:41:32.907: [INFO][Sync] Reset engine, reason: 0
2025-06-03 13:40:52.726: [INFO][Sync] Reset engine, reason: 8
2025-06-03 13:40:52.726: [INFO][Sync] Stopped: Bookmarks
2025-06-03 13:40:52.726: [INFO][Sync] Stopped: Preferences
2025-06-03 13:40:52.726: [INFO][Sync] Stopped: Passwords
2025-06-03 13:40:52.726: [INFO][Sync] Stopped: Autofill Profiles
2025-06-03 13:40:52.726: [INFO][Sync] Stopped: Autofill
2025-06-03 13:40:52.726: [INFO][Sync] Stopped: Extensions
2025-06-03 13:40:52.726: [INFO][Sync] Stopped: Sessions
2025-06-03 13:40:52.726: [INFO][Sync] Stopped: Extension settings
2025-06-03 13:40:52.726: [INFO][Sync] Stopped: History Delete Directives
2025-06-03 13:40:52.726: [INFO][Sync] Stopped: Device Info
2025-06-03 13:40:52.726: [INFO][Sync] Stopped: User Consents
2025-06-03 13:40:52.726: [INFO][Sync] Stopped: Send Tab To Self
2025-06-03 13:40:52.726: [INFO][Sync] Stopped: Web Apps
2025-06-03 13:40:52.726: [INFO][Sync] Stopped: History
2025-06-03 13:40:52.726: [INFO][Sync] Stopped: Saved Tab Group
2025-06-03 13:40:52.726: [INFO][Sync] Stopped: Collection
2025-06-03 13:40:52.726: [INFO][Sync] Stopped: Edge E Drop
2025-06-03 13:40:52.726: [INFO][Sync] Stopped: Edge Hub App Usage
2025-06-03 13:40:52.726: [INFO][Sync] Stopped: Edge Tab Group
2025-06-03 13:40:52.726: [INFO][Sync] Stopped: Edge Wallet
2025-06-03 13:40:52.726: [INFO][Sync] SyncState after authenticated was: NotSignedIn
2025-06-03 13:40:52.990: [INFO][Sync] Reset engine, reason: 8
2025-06-03 13:40:52.990: [INFO][Sync] Stopped: Bookmarks
2025-06-03 13:40:52.990: [INFO][Sync] Stopped: Preferences
2025-06-03 13:40:52.990: [INFO][Sync] Stopped: Passwords
2025-06-03 13:40:52.990: [INFO][Sync] Stopped: Autofill Profiles
2025-06-03 13:40:52.990: [INFO][Sync] Stopped: Autofill
2025-06-03 13:40:52.990: [INFO][Sync] Stopped: Extensions
2025-06-03 13:40:52.990: [INFO][Sync] Stopped: Sessions
2025-06-03 13:40:52.990: [INFO][Sync] Stopped: Extension settings
2025-06-03 13:40:52.990: [INFO][Sync] Stopped: History Delete Directives
2025-06-03 13:40:52.990: [INFO][Sync] Stopped: Device Info
2025-06-03 13:40:52.990: [INFO][Sync] Stopped: User Consents
2025-06-03 13:40:52.990: [INFO][Sync] Stopped: Send Tab To Self
2025-06-03 13:40:52.990: [INFO][Sync] Stopped: Web Apps
2025-06-03 13:40:52.990: [INFO][Sync] Stopped: History
2025-06-03 13:40:52.990: [INFO][Sync] Stopped: Saved Tab Group
2025-06-03 13:40:52.990: [INFO][Sync] Stopped: Collection
2025-06-03 13:40:52.990: [INFO][Sync] Stopped: Edge E Drop
2025-06-03 13:40:52.990: [INFO][Sync] Stopped: Edge Hub App Usage
2025-06-03 13:40:52.990: [INFO][Sync] Stopped: Edge Tab Group
2025-06-03 13:40:52.990: [INFO][Sync] Stopped: Edge Wallet
2025-06-03 13:52:10.330: [INFO][Sync] Reset engine, reason: 0
2025-06-04 06:58:45.439: [INFO][Sync] Reset engine, reason: 8
2025-06-04 06:58:45.439: [INFO][Sync] Stopped: Bookmarks
2025-06-04 06:58:45.439: [INFO][Sync] Stopped: Preferences
2025-06-04 06:58:45.439: [INFO][Sync] Stopped: Passwords
2025-06-04 06:58:45.439: [INFO][Sync] Stopped: Autofill Profiles
2025-06-04 06:58:45.439: [INFO][Sync] Stopped: Autofill
2025-06-04 06:58:45.439: [INFO][Sync] Stopped: Extensions
2025-06-04 06:58:45.439: [INFO][Sync] Stopped: Sessions
2025-06-04 06:58:45.439: [INFO][Sync] Stopped: Extension settings
2025-06-04 06:58:45.439: [INFO][Sync] Stopped: History Delete Directives
2025-06-04 06:58:45.439: [INFO][Sync] Stopped: Device Info
2025-06-04 06:58:45.440: [INFO][Sync] Stopped: User Consents
2025-06-04 06:58:45.440: [INFO][Sync] Stopped: Send Tab To Self
2025-06-04 06:58:45.440: [INFO][Sync] Stopped: Web Apps
2025-06-04 06:58:45.440: [INFO][Sync] Stopped: History
2025-06-04 06:58:45.440: [INFO][Sync] Stopped: Saved Tab Group
2025-06-04 06:58:45.440: [INFO][Sync] Stopped: Collection
2025-06-04 06:58:45.440: [INFO][Sync] Stopped: Edge E Drop
2025-06-04 06:58:45.440: [INFO][Sync] Stopped: Edge Hub App Usage
2025-06-04 06:58:45.440: [INFO][Sync] Stopped: Edge Tab Group
2025-06-04 06:58:45.440: [INFO][Sync] Stopped: Edge Wallet
2025-06-04 06:58:45.440: [INFO][Sync] SyncState after authenticated was: NotSignedIn
2025-06-04 06:58:45.733: [INFO][Sync] Reset engine, reason: 8
2025-06-04 06:58:45.733: [INFO][Sync] Stopped: Bookmarks
2025-06-04 06:58:45.733: [INFO][Sync] Stopped: Preferences
2025-06-04 06:58:45.733: [INFO][Sync] Stopped: Passwords
2025-06-04 06:58:45.733: [INFO][Sync] Stopped: Autofill Profiles
2025-06-04 06:58:45.733: [INFO][Sync] Stopped: Autofill
2025-06-04 06:58:45.733: [INFO][Sync] Stopped: Extensions
2025-06-04 06:58:45.733: [INFO][Sync] Stopped: Sessions
2025-06-04 06:58:45.733: [INFO][Sync] Stopped: Extension settings
2025-06-04 06:58:45.733: [INFO][Sync] Stopped: History Delete Directives
2025-06-04 06:58:45.733: [INFO][Sync] Stopped: Device Info
2025-06-04 06:58:45.733: [INFO][Sync] Stopped: User Consents
2025-06-04 06:58:45.733: [INFO][Sync] Stopped: Send Tab To Self
2025-06-04 06:58:45.733: [INFO][Sync] Stopped: Web Apps
2025-06-04 06:58:45.733: [INFO][Sync] Stopped: History
2025-06-04 06:58:45.733: [INFO][Sync] Stopped: Saved Tab Group
2025-06-04 06:58:45.733: [INFO][Sync] Stopped: Collection
2025-06-04 06:58:45.733: [INFO][Sync] Stopped: Edge E Drop
2025-06-04 06:58:45.733: [INFO][Sync] Stopped: Edge Hub App Usage
2025-06-04 06:58:45.733: [INFO][Sync] Stopped: Edge Tab Group
2025-06-04 06:58:45.733: [INFO][Sync] Stopped: Edge Wallet
2025-06-04 06:59:27.810: [INFO][Sync] Reset engine, reason: 0
2025-06-07 14:40:01.467: [INFO][Sync] Reset engine, reason: 8
2025-06-07 14:40:01.467: [INFO][Sync] Stopped: Bookmarks
2025-06-07 14:40:01.467: [INFO][Sync] Stopped: Preferences
2025-06-07 14:40:01.467: [INFO][Sync] Stopped: Passwords
2025-06-07 14:40:01.467: [INFO][Sync] Stopped: Autofill Profiles
2025-06-07 14:40:01.467: [INFO][Sync] Stopped: Autofill
2025-06-07 14:40:01.467: [INFO][Sync] Stopped: Extensions
2025-06-07 14:40:01.467: [INFO][Sync] Stopped: Sessions
2025-06-07 14:40:01.467: [INFO][Sync] Stopped: Extension settings
2025-06-07 14:40:01.467: [INFO][Sync] Stopped: History Delete Directives
2025-06-07 14:40:01.467: [INFO][Sync] Stopped: Device Info
2025-06-07 14:40:01.467: [INFO][Sync] Stopped: User Consents
2025-06-07 14:40:01.467: [INFO][Sync] Stopped: Send Tab To Self
2025-06-07 14:40:01.467: [INFO][Sync] Stopped: Web Apps
2025-06-07 14:40:01.467: [INFO][Sync] Stopped: History
2025-06-07 14:40:01.467: [INFO][Sync] Stopped: Saved Tab Group
2025-06-07 14:40:01.467: [INFO][Sync] Stopped: WebAuthn Credentials
2025-06-07 14:40:01.467: [INFO][Sync] Stopped: Collection
2025-06-07 14:40:01.467: [INFO][Sync] Stopped: Edge E Drop
2025-06-07 14:40:01.467: [INFO][Sync] Stopped: Edge Hub App Usage
2025-06-07 14:40:01.467: [INFO][Sync] Stopped: Edge Wallet
2025-06-07 14:40:01.468: [INFO][Sync] SyncState after authenticated was: NotSignedIn
2025-06-07 14:40:01.725: [INFO][Sync] Reset engine, reason: 8
2025-06-07 14:40:01.725: [INFO][Sync] Stopped: Bookmarks
2025-06-07 14:40:01.725: [INFO][Sync] Stopped: Preferences
2025-06-07 14:40:01.725: [INFO][Sync] Stopped: Passwords
2025-06-07 14:40:01.725: [INFO][Sync] Stopped: Autofill Profiles
2025-06-07 14:40:01.725: [INFO][Sync] Stopped: Autofill
2025-06-07 14:40:01.725: [INFO][Sync] Stopped: Extensions
2025-06-07 14:40:01.725: [INFO][Sync] Stopped: Sessions
2025-06-07 14:40:01.726: [INFO][Sync] Stopped: Extension settings
2025-06-07 14:40:01.726: [INFO][Sync] Stopped: History Delete Directives
2025-06-07 14:40:01.726: [INFO][Sync] Stopped: Device Info
2025-06-07 14:40:01.726: [INFO][Sync] Stopped: User Consents
2025-06-07 14:40:01.726: [INFO][Sync] Stopped: Send Tab To Self
2025-06-07 14:40:01.726: [INFO][Sync] Stopped: Web Apps
2025-06-07 14:40:01.726: [INFO][Sync] Stopped: History
2025-06-07 14:40:01.726: [INFO][Sync] Stopped: Saved Tab Group
2025-06-07 14:40:01.726: [INFO][Sync] Stopped: WebAuthn Credentials
2025-06-07 14:40:01.726: [INFO][Sync] Stopped: Collection
2025-06-07 14:40:01.726: [INFO][Sync] Stopped: Edge E Drop
2025-06-07 14:40:01.726: [INFO][Sync] Stopped: Edge Hub App Usage
2025-06-07 14:40:01.726: [INFO][Sync] Stopped: Edge Wallet
2025-06-07 15:12:46.562: [INFO][Sync] Reset engine, reason: 8
2025-06-07 15:12:46.562: [INFO][Sync] Stopped: Bookmarks
2025-06-07 15:12:46.562: [INFO][Sync] Stopped: Preferences
2025-06-07 15:12:46.562: [INFO][Sync] Stopped: Passwords
2025-06-07 15:12:46.562: [INFO][Sync] Stopped: Autofill Profiles
2025-06-07 15:12:46.562: [INFO][Sync] Stopped: Autofill
2025-06-07 15:12:46.562: [INFO][Sync] Stopped: Extensions
2025-06-07 15:12:46.562: [INFO][Sync] Stopped: Sessions
2025-06-07 15:12:46.562: [INFO][Sync] Stopped: Extension settings
2025-06-07 15:12:46.562: [INFO][Sync] Stopped: History Delete Directives
2025-06-07 15:12:46.562: [INFO][Sync] Stopped: Device Info
2025-06-07 15:12:46.562: [INFO][Sync] Stopped: User Consents
2025-06-07 15:12:46.562: [INFO][Sync] Stopped: Send Tab To Self
2025-06-07 15:12:46.562: [INFO][Sync] Stopped: Web Apps
2025-06-07 15:12:46.562: [INFO][Sync] Stopped: History
2025-06-07 15:12:46.562: [INFO][Sync] Stopped: Saved Tab Group
2025-06-07 15:12:46.562: [INFO][Sync] Stopped: WebAuthn Credentials
2025-06-07 15:12:46.562: [INFO][Sync] Stopped: Collection
2025-06-07 15:12:46.562: [INFO][Sync] Stopped: Edge E Drop
2025-06-07 15:12:46.562: [INFO][Sync] Stopped: Edge Hub App Usage
2025-06-07 15:12:46.562: [INFO][Sync] Stopped: Edge Wallet
2025-06-07 15:12:46.562: [INFO][Sync] SyncState after authenticated was: NotSignedIn
2025-06-07 15:12:46.837: [INFO][Sync] Reset engine, reason: 8
2025-06-07 15:12:46.837: [INFO][Sync] Stopped: Bookmarks
2025-06-07 15:12:46.837: [INFO][Sync] Stopped: Preferences
2025-06-07 15:12:46.837: [INFO][Sync] Stopped: Passwords
2025-06-07 15:12:46.837: [INFO][Sync] Stopped: Autofill Profiles
2025-06-07 15:12:46.837: [INFO][Sync] Stopped: Autofill
2025-06-07 15:12:46.837: [INFO][Sync] Stopped: Extensions
2025-06-07 15:12:46.837: [INFO][Sync] Stopped: Sessions
2025-06-07 15:12:46.837: [INFO][Sync] Stopped: Extension settings
2025-06-07 15:12:46.837: [INFO][Sync] Stopped: History Delete Directives
2025-06-07 15:12:46.837: [INFO][Sync] Stopped: Device Info
2025-06-07 15:12:46.837: [INFO][Sync] Stopped: User Consents
2025-06-07 15:12:46.837: [INFO][Sync] Stopped: Send Tab To Self
2025-06-07 15:12:46.837: [INFO][Sync] Stopped: Web Apps
2025-06-07 15:12:46.837: [INFO][Sync] Stopped: History
2025-06-07 15:12:46.837: [INFO][Sync] Stopped: Saved Tab Group
2025-06-07 15:12:46.837: [INFO][Sync] Stopped: WebAuthn Credentials
2025-06-07 15:12:46.837: [INFO][Sync] Stopped: Collection
2025-06-07 15:12:46.837: [INFO][Sync] Stopped: Edge E Drop
2025-06-07 15:12:46.837: [INFO][Sync] Stopped: Edge Hub App Usage
2025-06-07 15:12:46.837: [INFO][Sync] Stopped: Edge Wallet
2025-06-07 15:13:04.400: [INFO][Sync] Reset engine, reason: 0
